<?xml version="1.0" encoding="UTF-8"?>
<!-- Generated by org.testng.reporters.JUnitReportReporter -->
<testsuite hostname="V1550-5493QR1" name="Com.actitime.script.LoginTest" tests="2" failures="0" timestamp="31 Dec 2011 19:04:47 GMT" time="115.112" errors="0">
  <testcase name="validLogin" time="37.682" classname="Com.actitime.script.LoginTest"/>
  <testcase name="invalidLogin" time="77.430" classname="Com.actitime.script.LoginTest"/>
</testsuite> <!-- Com.actitime.script.LoginTest -->
