<?xml version="1.0" encoding="UTF-8"?>
<!-- Generated by org.testng.reporters.JUnitReportReporter -->
<testsuite skipped="0" hostname="LAPTOP-ONRUMTQ2" name="Com.VDOhire.test.JobTest" tests="1" failures="0" timestamp="22 Feb 2019 11:57:19 GMT" time="310.307" errors="0">
  <testcase name="logInforJobCreation" time="310.307" classname="Com.VDOhire.test.JobTest"/>
</testsuite> <!-- Com.VDOhire.test.JobTest -->
