<?xml version="1.0" encoding="UTF-8"?>
<!-- Generated by org.testng.reporters.JUnitReportReporter -->
<testsuite skipped="0" hostname="LAPTOP-ONRUMTQ2" name="Com.VDOhire.test.JobTest" tests="1" failures="0" timestamp="05 Feb 2019 10:23:03 GMT" time="257.906" errors="0">
  <testcase name="logInforJobCreation" time="257.906" classname="Com.VDOhire.test.JobTest"/>
</testsuite> <!-- Com.VDOhire.test.JobTest -->
