<?xml version="1.0" encoding="UTF-8"?>
<!-- Generated by org.testng.reporters.JUnitReportReporter -->
<testsuite skipped="0" hostname="LAPTOP-ONRUMTQ2" name="Com.VDOhire.test.JobTest" tests="1" failures="0" timestamp="19 Feb 2019 06:10:05 GMT" time="301.874" errors="0">
  <testcase name="logInforJobCreation" time="301.874" classname="Com.VDOhire.test.JobTest"/>
</testsuite> <!-- Com.VDOhire.test.JobTest -->
