<?xml version="1.0" encoding="UTF-8"?>
<!-- Generated by org.testng.reporters.JUnitReportReporter -->
<testsuite skipped="0" hostname="LAPTOP-ONRUMTQ2" name="Com.VDOhire.test.LoginTest" tests="3" failures="0" timestamp="29 Jan 2019 09:36:23 GMT" time="158.782" errors="0">
  <testcase name="logInWithPositiveValue" time="109.049" classname="Com.VDOhire.test.LoginTest"/>
  <testcase name="logInWithInvalidvalue" time="13.936" classname="Com.VDOhire.test.LoginTest"/>
  <testcase name="verifyGmailAC" time="35.797" classname="Com.VDOhire.test.LoginTest"/>
</testsuite> <!-- Com.VDOhire.test.LoginTest -->
