<?xml version="1.0" encoding="UTF-8"?>
<!-- Generated by org.testng.reporters.JUnitReportReporter -->
<testsuite skipped="0" hostname="LAPTOP-ONRUMTQ2" name="Com.VDOhire.test.JobTest" tests="1" failures="0" timestamp="04 Feb 2019 12:35:13 GMT" time="152.036" errors="0">
  <testcase name="logInforJobCreation" time="152.036" classname="Com.VDOhire.test.JobTest"/>
</testsuite> <!-- Com.VDOhire.test.JobTest -->
